[2014-12-19 17:44:08] [info] Start Program:
Path:"UT.exe"
Arguments:
Working directory: not set.

Modules: Selected: * Excluded: 
Sources: Selected: C:\Users\BON\Desktop\POSD_HW1 Excluded: 
Verbose mode: 0

[2014-12-19 17:44:08] [info] Module: C:\Users\BON\Desktop\POSD_HW1\Binary\UT.exe is selected because it matches selected pattern: *
[2014-12-19 17:44:09] [info] Module: C:\Windows\System32\ntdll.dll is selected because it matches selected pattern: *
[2014-12-19 17:44:09] [warning] Cannot find pdb for C:\Windows\System32\ntdll.dll
[2014-12-19 17:44:09] [info] Module: C:\Windows\SysWOW64\ntdll.dll is selected because it matches selected pattern: *
[2014-12-19 17:44:09] [warning] Cannot find pdb for C:\Windows\SysWOW64\ntdll.dll
[2014-12-19 17:44:09] [info] Module: C:\Windows\System32\wow64.dll is selected because it matches selected pattern: *
[2014-12-19 17:44:09] [warning] Cannot find pdb for C:\Windows\System32\wow64.dll
[2014-12-19 17:44:09] [info] Module: C:\Windows\System32\wow64win.dll is selected because it matches selected pattern: *
[2014-12-19 17:44:09] [warning] Cannot find pdb for C:\Windows\System32\wow64win.dll
[2014-12-19 17:44:09] [info] Module: C:\Windows\System32\wow64cpu.dll is selected because it matches selected pattern: *
[2014-12-19 17:44:09] [warning] Cannot find pdb for C:\Windows\System32\wow64cpu.dll
[2014-12-19 17:44:09] [info] Module: C:\Windows\System32\kernel32.dll is selected because it matches selected pattern: *
[2014-12-19 17:44:09] [warning] Cannot find pdb for C:\Windows\System32\kernel32.dll
[2014-12-19 17:44:09] [info] Module: C:\Windows\SysWOW64\kernel32.dll is selected because it matches selected pattern: *
[2014-12-19 17:44:09] [warning] Cannot find pdb for C:\Windows\SysWOW64\kernel32.dll
[2014-12-19 17:44:09] [info] Module: C:\Windows\System32\kernel32.dll is selected because it matches selected pattern: *
[2014-12-19 17:44:09] [warning] Cannot find pdb for C:\Windows\System32\kernel32.dll
[2014-12-19 17:44:09] [info] Module: C:\Windows\System32\user32.dll is selected because it matches selected pattern: *
[2014-12-19 17:44:09] [warning] Cannot find pdb for C:\Windows\System32\user32.dll
[2014-12-19 17:44:09] [info] Module: C:\Windows\SysWOW64\kernel32.dll is selected because it matches selected pattern: *
[2014-12-19 17:44:09] [warning] Cannot find pdb for C:\Windows\SysWOW64\kernel32.dll
[2014-12-19 17:44:09] [info] Module: C:\Windows\SysWOW64\KernelBase.dll is selected because it matches selected pattern: *
[2014-12-19 17:44:09] [warning] Cannot find pdb for C:\Windows\SysWOW64\KernelBase.dll
[2014-12-19 17:44:09] [info] Module: C:\Windows\SysWOW64\msvcp120d.dll is selected because it matches selected pattern: *
[2014-12-19 17:44:09] [warning] Cannot find pdb for C:\Windows\SysWOW64\msvcp120d.dll
[2014-12-19 17:44:09] [info] Module: C:\Windows\SysWOW64\msvcr120d.dll is selected because it matches selected pattern: *
[2014-12-19 17:44:09] [warning] Cannot find pdb for C:\Windows\SysWOW64\msvcr120d.dll
[2014-12-19 17:44:09] [info] Module: C:\Windows\SysWOW64\VSCover120.dll is selected because it matches selected pattern: *
[2014-12-19 17:44:09] [warning] Cannot find pdb for C:\Windows\SysWOW64\VSCover120.dll
[2014-12-19 17:44:09] [info] Module: C:\Windows\SysWOW64\advapi32.dll is selected because it matches selected pattern: *
[2014-12-19 17:44:09] [warning] Cannot find pdb for C:\Windows\SysWOW64\advapi32.dll
[2014-12-19 17:44:09] [info] Module: C:\Windows\SysWOW64\msvcrt.dll is selected because it matches selected pattern: *
[2014-12-19 17:44:09] [warning] Cannot find pdb for C:\Windows\SysWOW64\msvcrt.dll
[2014-12-19 17:44:09] [info] Module: C:\Windows\SysWOW64\sechost.dll is selected because it matches selected pattern: *
[2014-12-19 17:44:09] [warning] Cannot find pdb for C:\Windows\SysWOW64\sechost.dll
[2014-12-19 17:44:09] [info] Module: C:\Windows\SysWOW64\rpcrt4.dll is selected because it matches selected pattern: *
[2014-12-19 17:44:09] [warning] Cannot find pdb for C:\Windows\SysWOW64\rpcrt4.dll
[2014-12-19 17:44:09] [info] Module: C:\Windows\SysWOW64\sspicli.dll is selected because it matches selected pattern: *
[2014-12-19 17:44:09] [warning] Cannot find pdb for C:\Windows\SysWOW64\sspicli.dll
[2014-12-19 17:44:09] [info] Module: C:\Windows\SysWOW64\cryptbase.dll is selected because it matches selected pattern: *
[2014-12-19 17:44:09] [warning] Cannot find pdb for C:\Windows\SysWOW64\cryptbase.dll
[2014-12-19 17:44:09] [info] Module: C:\Windows\SysWOW64\apphelp.dll is selected because it matches selected pattern: *
[2014-12-19 17:44:09] [warning] Cannot find pdb for C:\Windows\SysWOW64\apphelp.dll
[2014-12-19 17:44:09] [info] Module: C:\Windows\SysWOW64\cmd.exe is selected because it matches selected pattern: *
[2014-12-19 17:44:09] [warning] Cannot find pdb for C:\Windows\SysWOW64\cmd.exe
[2014-12-19 17:44:09] [info] Create coverage report for C:\Users\BON\Desktop\POSD_HW1\Binary\UT.exe
[2014-12-19 17:44:09] [info] Create coverage report for C:\Windows\System32\ntdll.dll
[2014-12-19 17:44:09] [info] Create coverage report for C:\Windows\SysWOW64\ntdll.dll
[2014-12-19 17:44:09] [info] Create coverage report for C:\Windows\System32\wow64.dll
[2014-12-19 17:44:10] [info] Create coverage report for C:\Windows\System32\wow64win.dll
[2014-12-19 17:44:10] [info] Create coverage report for C:\Windows\System32\wow64cpu.dll
[2014-12-19 17:44:10] [info] Create coverage report for C:\Windows\System32\kernel32.dll
[2014-12-19 17:44:10] [info] Create coverage report for C:\Windows\SysWOW64\kernel32.dll
[2014-12-19 17:44:10] [info] Create coverage report for C:\Windows\System32\kernel32.dll
[2014-12-19 17:44:10] [info] Create coverage report for C:\Windows\System32\user32.dll
[2014-12-19 17:44:10] [info] Create coverage report for C:\Windows\SysWOW64\kernel32.dll
[2014-12-19 17:44:10] [info] Create coverage report for C:\Windows\SysWOW64\KernelBase.dll
[2014-12-19 17:44:10] [info] Create coverage report for C:\Windows\SysWOW64\msvcp120d.dll
[2014-12-19 17:44:10] [info] Create coverage report for C:\Windows\SysWOW64\msvcr120d.dll
[2014-12-19 17:44:10] [info] Create coverage report for C:\Windows\SysWOW64\VSCover120.dll
[2014-12-19 17:44:10] [info] Create coverage report for C:\Windows\SysWOW64\advapi32.dll
[2014-12-19 17:44:10] [info] Create coverage report for C:\Windows\SysWOW64\msvcrt.dll
[2014-12-19 17:44:10] [info] Create coverage report for C:\Windows\SysWOW64\sechost.dll
[2014-12-19 17:44:10] [info] Create coverage report for C:\Windows\SysWOW64\rpcrt4.dll
[2014-12-19 17:44:10] [info] Create coverage report for C:\Windows\SysWOW64\sspicli.dll
[2014-12-19 17:44:10] [info] Create coverage report for C:\Windows\SysWOW64\cryptbase.dll
[2014-12-19 17:44:10] [info] Create coverage report for C:\Windows\SysWOW64\apphelp.dll
[2014-12-19 17:44:10] [info] Create coverage report for C:\Windows\SysWOW64\cmd.exe
[2014-12-19 17:44:10] [info] ----------------------------------------------------
[2014-12-19 17:44:10] [info] Coverage generated in Folder C:\Users\BON\Desktop\POSD_HW1\Binary\CoverageReport-2014-12-19-17h44m10s
[2014-12-19 17:44:10] [info] ----------------------------------------------------
